The system is: Darwin - 15.6.0 - x86_64
Compiling the C compiler identification source file "CMakeCCompilerId.c" succeeded.
Compiler: /Applications/Xcode.app/Contents/Developer/usr/bin/gcc 
Build flags: 
Id flags: 

The output was:
0


Compilation of the C compiler identification source "CMakeCCompilerId.c" produced "a.out"

The C compiler identification is AppleClang, found in "/Users/reuben/Documents/code/eem/embeddedfem/build/CMakeFiles/3.6.2/CompilerIdC/a.out"

Compiling the CXX compiler identification source file "CMakeCXXCompilerId.cpp" succeeded.
Compiler: /Applications/Xcode.app/Contents/Developer/usr/bin/g++ 
Build flags: 
Id flags: 

The output was:
0


Compilation of the CXX compiler identification source "CMakeCXXCompilerId.cpp" produced "a.out"

The CXX compiler identification is AppleClang, found in "/Users/reuben/Documents/code/eem/embeddedfem/build/CMakeFiles/3.6.2/CompilerIdCXX/a.out"

Determining if the C compiler works passed with the following output:
Change Dir: /Users/reuben/Documents/code/eem/embeddedfem/build/CMakeFiles/CMakeTmp

Run Build Command:"/usr/bin/make" "cmTC_58794/fast"
/Applications/Xcode.app/Contents/Developer/usr/bin/make -f CMakeFiles/cmTC_58794.dir/build.make CMakeFiles/cmTC_58794.dir/build
Building C object CMakeFiles/cmTC_58794.dir/testCCompiler.c.o
/Applications/Xcode.app/Contents/Developer/usr/bin/gcc     -o CMakeFiles/cmTC_58794.dir/testCCompiler.c.o   -c /Users/reuben/Documents/code/eem/embeddedfem/build/CMakeFiles/CMakeTmp/testCCompiler.c
Linking C executable cmTC_58794
/opt/local/bin/cmake -E cmake_link_script CMakeFiles/cmTC_58794.dir/link.txt --verbose=1
/Applications/Xcode.app/Contents/Developer/usr/bin/gcc    -Wl,-search_paths_first -Wl,-headerpad_max_install_names   CMakeFiles/cmTC_58794.dir/testCCompiler.c.o  -o cmTC_58794  


Detecting C compiler ABI info compiled with the following output:
Change Dir: /Users/reuben/Documents/code/eem/embeddedfem/build/CMakeFiles/CMakeTmp

Run Build Command:"/usr/bin/make" "cmTC_a7f14/fast"
/Applications/Xcode.app/Contents/Developer/usr/bin/make -f CMakeFiles/cmTC_a7f14.dir/build.make CMakeFiles/cmTC_a7f14.dir/build
Building C object CMakeFiles/cmTC_a7f14.dir/CMakeCCompilerABI.c.o
/Applications/Xcode.app/Contents/Developer/usr/bin/gcc     -o CMakeFiles/cmTC_a7f14.dir/CMakeCCompilerABI.c.o   -c /opt/local/share/cmake-3.6/Modules/CMakeCCompilerABI.c
Linking C executable cmTC_a7f14
/opt/local/bin/cmake -E cmake_link_script CMakeFiles/cmTC_a7f14.dir/link.txt --verbose=1
/Applications/Xcode.app/Contents/Developer/usr/bin/gcc    -Wl,-search_paths_first -Wl,-headerpad_max_install_names  -v -Wl,-v CMakeFiles/cmTC_a7f14.dir/CMakeCCompilerABI.c.o  -o cmTC_a7f14   
Apple LLVM version 8.0.0 (clang-800.0.42.1)
Target: x86_64-apple-darwin15.6.0
Thread model: posix
InstalledDir: /Applications/Xcode.app/Contents/Developer/Toolchains/XcodeDefault.xctoolchain/usr/bin
 "/Applications/Xcode.app/Contents/Developer/Toolchains/XcodeDefault.xctoolchain/usr/bin/ld" -demangle -dynamic -arch x86_64 -macosx_version_min 10.11.0 -o cmTC_a7f14 -search_paths_first -headerpad_max_install_names -v CMakeFiles/cmTC_a7f14.dir/CMakeCCompilerABI.c.o -L/opt/moose/openmp/lib -L/opt/moose/tbb/lib -lSystem /Applications/Xcode.app/Contents/Developer/Toolchains/XcodeDefault.xctoolchain/usr/bin/../lib/clang/8.0.0/lib/darwin/libclang_rt.osx.a
@(#)PROGRAM:ld  PROJECT:ld64-274.2
configured to support archs: armv6 armv7 armv7s arm64 i386 x86_64 x86_64h armv6m armv7k armv7m armv7em (tvOS)
Library search paths:
	/opt/moose/openmp/lib
	/opt/moose/tbb/lib
	/usr/lib
	/usr/local/lib
Framework search paths:
	/Library/Frameworks/
	/System/Library/Frameworks/


Parsed C implicit link information from above output:
  link line regex: [^( *|.*[/\])(ld|([^/\]+-)?ld|collect2)[^/\]*( |$)]
  ignore line: [Change Dir: /Users/reuben/Documents/code/eem/embeddedfem/build/CMakeFiles/CMakeTmp]
  ignore line: []
  ignore line: [Run Build Command:"/usr/bin/make" "cmTC_a7f14/fast"]
  ignore line: [/Applications/Xcode.app/Contents/Developer/usr/bin/make -f CMakeFiles/cmTC_a7f14.dir/build.make CMakeFiles/cmTC_a7f14.dir/build]
  ignore line: [Building C object CMakeFiles/cmTC_a7f14.dir/CMakeCCompilerABI.c.o]
  ignore line: [/Applications/Xcode.app/Contents/Developer/usr/bin/gcc     -o CMakeFiles/cmTC_a7f14.dir/CMakeCCompilerABI.c.o   -c /opt/local/share/cmake-3.6/Modules/CMakeCCompilerABI.c]
  ignore line: [Linking C executable cmTC_a7f14]
  ignore line: [/opt/local/bin/cmake -E cmake_link_script CMakeFiles/cmTC_a7f14.dir/link.txt --verbose=1]
  ignore line: [/Applications/Xcode.app/Contents/Developer/usr/bin/gcc    -Wl,-search_paths_first -Wl,-headerpad_max_install_names  -v -Wl,-v CMakeFiles/cmTC_a7f14.dir/CMakeCCompilerABI.c.o  -o cmTC_a7f14   ]
  ignore line: [Apple LLVM version 8.0.0 (clang-800.0.42.1)]
  ignore line: [Target: x86_64-apple-darwin15.6.0]
  ignore line: [Thread model: posix]
  ignore line: [InstalledDir: /Applications/Xcode.app/Contents/Developer/Toolchains/XcodeDefault.xctoolchain/usr/bin]
  link line: [ "/Applications/Xcode.app/Contents/Developer/Toolchains/XcodeDefault.xctoolchain/usr/bin/ld" -demangle -dynamic -arch x86_64 -macosx_version_min 10.11.0 -o cmTC_a7f14 -search_paths_first -headerpad_max_install_names -v CMakeFiles/cmTC_a7f14.dir/CMakeCCompilerABI.c.o -L/opt/moose/openmp/lib -L/opt/moose/tbb/lib -lSystem /Applications/Xcode.app/Contents/Developer/Toolchains/XcodeDefault.xctoolchain/usr/bin/../lib/clang/8.0.0/lib/darwin/libclang_rt.osx.a]
    arg [/Applications/Xcode.app/Contents/Developer/Toolchains/XcodeDefault.xctoolchain/usr/bin/ld] ==> ignore
    arg [-demangle] ==> ignore
    arg [-dynamic] ==> ignore
    arg [-arch] ==> ignore
    arg [x86_64] ==> ignore
    arg [-macosx_version_min] ==> ignore
    arg [10.11.0] ==> ignore
    arg [-o] ==> ignore
    arg [cmTC_a7f14] ==> ignore
    arg [-search_paths_first] ==> ignore
    arg [-headerpad_max_install_names] ==> ignore
    arg [-v] ==> ignore
    arg [CMakeFiles/cmTC_a7f14.dir/CMakeCCompilerABI.c.o] ==> ignore
    arg [-L/opt/moose/openmp/lib] ==> dir [/opt/moose/openmp/lib]
    arg [-L/opt/moose/tbb/lib] ==> dir [/opt/moose/tbb/lib]
    arg [-lSystem] ==> lib [System]
    arg [/Applications/Xcode.app/Contents/Developer/Toolchains/XcodeDefault.xctoolchain/usr/bin/../lib/clang/8.0.0/lib/darwin/libclang_rt.osx.a] ==> lib [/Applications/Xcode.app/Contents/Developer/Toolchains/XcodeDefault.xctoolchain/usr/bin/../lib/clang/8.0.0/lib/darwin/libclang_rt.osx.a]
  Library search paths: [;/opt/moose/openmp/lib;/opt/moose/tbb/lib;/usr/lib;/usr/local/lib]
  Framework search paths: [;/Library/Frameworks/;/System/Library/Frameworks/]
  remove lib [System]
  collapse lib [/Applications/Xcode.app/Contents/Developer/Toolchains/XcodeDefault.xctoolchain/usr/bin/../lib/clang/8.0.0/lib/darwin/libclang_rt.osx.a] ==> [/Applications/Xcode.app/Contents/Developer/Toolchains/XcodeDefault.xctoolchain/usr/lib/clang/8.0.0/lib/darwin/libclang_rt.osx.a]
  collapse library dir [/opt/moose/openmp/lib] ==> [/opt/moose/openmp/lib]
  collapse library dir [/opt/moose/tbb/lib] ==> [/opt/moose/tbb/lib]
  collapse library dir [/opt/moose/openmp/lib] ==> [/opt/moose/openmp/lib]
  collapse library dir [/opt/moose/tbb/lib] ==> [/opt/moose/tbb/lib]
  collapse library dir [/usr/lib] ==> [/usr/lib]
  collapse library dir [/usr/local/lib] ==> [/usr/local/lib]
  collapse framework dir [/Library/Frameworks/] ==> [/Library/Frameworks]
  collapse framework dir [/System/Library/Frameworks/] ==> [/System/Library/Frameworks]
  implicit libs: [/Applications/Xcode.app/Contents/Developer/Toolchains/XcodeDefault.xctoolchain/usr/lib/clang/8.0.0/lib/darwin/libclang_rt.osx.a]
  implicit dirs: [/opt/moose/openmp/lib;/opt/moose/tbb/lib;/usr/lib;/usr/local/lib]
  implicit fwks: [/Library/Frameworks;/System/Library/Frameworks]




Detecting C [-std=c11] compiler features compiled with the following output:
Change Dir: /Users/reuben/Documents/code/eem/embeddedfem/build/CMakeFiles/CMakeTmp

Run Build Command:"/usr/bin/make" "cmTC_27400/fast"
/Applications/Xcode.app/Contents/Developer/usr/bin/make -f CMakeFiles/cmTC_27400.dir/build.make CMakeFiles/cmTC_27400.dir/build
Building C object CMakeFiles/cmTC_27400.dir/feature_tests.c.o
/Applications/Xcode.app/Contents/Developer/usr/bin/gcc    -std=c11 -o CMakeFiles/cmTC_27400.dir/feature_tests.c.o   -c /Users/reuben/Documents/code/eem/embeddedfem/build/CMakeFiles/feature_tests.c
Linking C executable cmTC_27400
/opt/local/bin/cmake -E cmake_link_script CMakeFiles/cmTC_27400.dir/link.txt --verbose=1
/Applications/Xcode.app/Contents/Developer/usr/bin/gcc    -Wl,-search_paths_first -Wl,-headerpad_max_install_names   CMakeFiles/cmTC_27400.dir/feature_tests.c.o  -o cmTC_27400  


    Feature record: C_FEATURE:1c_function_prototypes
    Feature record: C_FEATURE:1c_restrict
    Feature record: C_FEATURE:1c_static_assert
    Feature record: C_FEATURE:1c_variadic_macros


Detecting C [-std=c99] compiler features compiled with the following output:
Change Dir: /Users/reuben/Documents/code/eem/embeddedfem/build/CMakeFiles/CMakeTmp

Run Build Command:"/usr/bin/make" "cmTC_cbeb8/fast"
/Applications/Xcode.app/Contents/Developer/usr/bin/make -f CMakeFiles/cmTC_cbeb8.dir/build.make CMakeFiles/cmTC_cbeb8.dir/build
Building C object CMakeFiles/cmTC_cbeb8.dir/feature_tests.c.o
/Applications/Xcode.app/Contents/Developer/usr/bin/gcc    -std=c99 -o CMakeFiles/cmTC_cbeb8.dir/feature_tests.c.o   -c /Users/reuben/Documents/code/eem/embeddedfem/build/CMakeFiles/feature_tests.c
Linking C executable cmTC_cbeb8
/opt/local/bin/cmake -E cmake_link_script CMakeFiles/cmTC_cbeb8.dir/link.txt --verbose=1
/Applications/Xcode.app/Contents/Developer/usr/bin/gcc    -Wl,-search_paths_first -Wl,-headerpad_max_install_names   CMakeFiles/cmTC_cbeb8.dir/feature_tests.c.o  -o cmTC_cbeb8  


    Feature record: C_FEATURE:1c_function_prototypes
    Feature record: C_FEATURE:1c_restrict
    Feature record: C_FEATURE:0c_static_assert
    Feature record: C_FEATURE:1c_variadic_macros


Detecting C [-std=c90] compiler features compiled with the following output:
Change Dir: /Users/reuben/Documents/code/eem/embeddedfem/build/CMakeFiles/CMakeTmp

Run Build Command:"/usr/bin/make" "cmTC_f97cc/fast"
/Applications/Xcode.app/Contents/Developer/usr/bin/make -f CMakeFiles/cmTC_f97cc.dir/build.make CMakeFiles/cmTC_f97cc.dir/build
Building C object CMakeFiles/cmTC_f97cc.dir/feature_tests.c.o
/Applications/Xcode.app/Contents/Developer/usr/bin/gcc    -std=c90 -o CMakeFiles/cmTC_f97cc.dir/feature_tests.c.o   -c /Users/reuben/Documents/code/eem/embeddedfem/build/CMakeFiles/feature_tests.c
Linking C executable cmTC_f97cc
/opt/local/bin/cmake -E cmake_link_script CMakeFiles/cmTC_f97cc.dir/link.txt --verbose=1
/Applications/Xcode.app/Contents/Developer/usr/bin/gcc    -Wl,-search_paths_first -Wl,-headerpad_max_install_names   CMakeFiles/cmTC_f97cc.dir/feature_tests.c.o  -o cmTC_f97cc  


    Feature record: C_FEATURE:1c_function_prototypes
    Feature record: C_FEATURE:0c_restrict
    Feature record: C_FEATURE:0c_static_assert
    Feature record: C_FEATURE:0c_variadic_macros
Determining if the CXX compiler works passed with the following output:
Change Dir: /Users/reuben/Documents/code/eem/embeddedfem/build/CMakeFiles/CMakeTmp

Run Build Command:"/usr/bin/make" "cmTC_e0380/fast"
/Applications/Xcode.app/Contents/Developer/usr/bin/make -f CMakeFiles/cmTC_e0380.dir/build.make CMakeFiles/cmTC_e0380.dir/build
Building CXX object CMakeFiles/cmTC_e0380.dir/testCXXCompiler.cxx.o
/Applications/Xcode.app/Contents/Developer/usr/bin/g++      -o CMakeFiles/cmTC_e0380.dir/testCXXCompiler.cxx.o -c /Users/reuben/Documents/code/eem/embeddedfem/build/CMakeFiles/CMakeTmp/testCXXCompiler.cxx
Linking CXX executable cmTC_e0380
/opt/local/bin/cmake -E cmake_link_script CMakeFiles/cmTC_e0380.dir/link.txt --verbose=1
/Applications/Xcode.app/Contents/Developer/usr/bin/g++     -Wl,-search_paths_first -Wl,-headerpad_max_install_names   CMakeFiles/cmTC_e0380.dir/testCXXCompiler.cxx.o  -o cmTC_e0380  


Detecting CXX compiler ABI info compiled with the following output:
Change Dir: /Users/reuben/Documents/code/eem/embeddedfem/build/CMakeFiles/CMakeTmp

Run Build Command:"/usr/bin/make" "cmTC_0403a/fast"
/Applications/Xcode.app/Contents/Developer/usr/bin/make -f CMakeFiles/cmTC_0403a.dir/build.make CMakeFiles/cmTC_0403a.dir/build
Building CXX object CMakeFiles/cmTC_0403a.dir/CMakeCXXCompilerABI.cpp.o
/Applications/Xcode.app/Contents/Developer/usr/bin/g++      -o CMakeFiles/cmTC_0403a.dir/CMakeCXXCompilerABI.cpp.o -c /opt/local/share/cmake-3.6/Modules/CMakeCXXCompilerABI.cpp
Linking CXX executable cmTC_0403a
/opt/local/bin/cmake -E cmake_link_script CMakeFiles/cmTC_0403a.dir/link.txt --verbose=1
/Applications/Xcode.app/Contents/Developer/usr/bin/g++     -Wl,-search_paths_first -Wl,-headerpad_max_install_names  -v -Wl,-v CMakeFiles/cmTC_0403a.dir/CMakeCXXCompilerABI.cpp.o  -o cmTC_0403a   
Apple LLVM version 8.0.0 (clang-800.0.42.1)
Target: x86_64-apple-darwin15.6.0
Thread model: posix
InstalledDir: /Applications/Xcode.app/Contents/Developer/Toolchains/XcodeDefault.xctoolchain/usr/bin
 "/Applications/Xcode.app/Contents/Developer/Toolchains/XcodeDefault.xctoolchain/usr/bin/ld" -demangle -dynamic -arch x86_64 -macosx_version_min 10.11.0 -o cmTC_0403a -search_paths_first -headerpad_max_install_names -v CMakeFiles/cmTC_0403a.dir/CMakeCXXCompilerABI.cpp.o -L/opt/moose/openmp/lib -L/opt/moose/tbb/lib -lc++ -lSystem /Applications/Xcode.app/Contents/Developer/Toolchains/XcodeDefault.xctoolchain/usr/bin/../lib/clang/8.0.0/lib/darwin/libclang_rt.osx.a
@(#)PROGRAM:ld  PROJECT:ld64-274.2
configured to support archs: armv6 armv7 armv7s arm64 i386 x86_64 x86_64h armv6m armv7k armv7m armv7em (tvOS)
Library search paths:
	/opt/moose/openmp/lib
	/opt/moose/tbb/lib
	/usr/lib
	/usr/local/lib
Framework search paths:
	/Library/Frameworks/
	/System/Library/Frameworks/


Parsed CXX implicit link information from above output:
  link line regex: [^( *|.*[/\])(ld|([^/\]+-)?ld|collect2)[^/\]*( |$)]
  ignore line: [Change Dir: /Users/reuben/Documents/code/eem/embeddedfem/build/CMakeFiles/CMakeTmp]
  ignore line: []
  ignore line: [Run Build Command:"/usr/bin/make" "cmTC_0403a/fast"]
  ignore line: [/Applications/Xcode.app/Contents/Developer/usr/bin/make -f CMakeFiles/cmTC_0403a.dir/build.make CMakeFiles/cmTC_0403a.dir/build]
  ignore line: [Building CXX object CMakeFiles/cmTC_0403a.dir/CMakeCXXCompilerABI.cpp.o]
  ignore line: [/Applications/Xcode.app/Contents/Developer/usr/bin/g++      -o CMakeFiles/cmTC_0403a.dir/CMakeCXXCompilerABI.cpp.o -c /opt/local/share/cmake-3.6/Modules/CMakeCXXCompilerABI.cpp]
  ignore line: [Linking CXX executable cmTC_0403a]
  ignore line: [/opt/local/bin/cmake -E cmake_link_script CMakeFiles/cmTC_0403a.dir/link.txt --verbose=1]
  ignore line: [/Applications/Xcode.app/Contents/Developer/usr/bin/g++     -Wl,-search_paths_first -Wl,-headerpad_max_install_names  -v -Wl,-v CMakeFiles/cmTC_0403a.dir/CMakeCXXCompilerABI.cpp.o  -o cmTC_0403a   ]
  ignore line: [Apple LLVM version 8.0.0 (clang-800.0.42.1)]
  ignore line: [Target: x86_64-apple-darwin15.6.0]
  ignore line: [Thread model: posix]
  ignore line: [InstalledDir: /Applications/Xcode.app/Contents/Developer/Toolchains/XcodeDefault.xctoolchain/usr/bin]
  link line: [ "/Applications/Xcode.app/Contents/Developer/Toolchains/XcodeDefault.xctoolchain/usr/bin/ld" -demangle -dynamic -arch x86_64 -macosx_version_min 10.11.0 -o cmTC_0403a -search_paths_first -headerpad_max_install_names -v CMakeFiles/cmTC_0403a.dir/CMakeCXXCompilerABI.cpp.o -L/opt/moose/openmp/lib -L/opt/moose/tbb/lib -lc++ -lSystem /Applications/Xcode.app/Contents/Developer/Toolchains/XcodeDefault.xctoolchain/usr/bin/../lib/clang/8.0.0/lib/darwin/libclang_rt.osx.a]
    arg [/Applications/Xcode.app/Contents/Developer/Toolchains/XcodeDefault.xctoolchain/usr/bin/ld] ==> ignore
    arg [-demangle] ==> ignore
    arg [-dynamic] ==> ignore
    arg [-arch] ==> ignore
    arg [x86_64] ==> ignore
    arg [-macosx_version_min] ==> ignore
    arg [10.11.0] ==> ignore
    arg [-o] ==> ignore
    arg [cmTC_0403a] ==> ignore
    arg [-search_paths_first] ==> ignore
    arg [-headerpad_max_install_names] ==> ignore
    arg [-v] ==> ignore
    arg [CMakeFiles/cmTC_0403a.dir/CMakeCXXCompilerABI.cpp.o] ==> ignore
    arg [-L/opt/moose/openmp/lib] ==> dir [/opt/moose/openmp/lib]
    arg [-L/opt/moose/tbb/lib] ==> dir [/opt/moose/tbb/lib]
    arg [-lc++] ==> lib [c++]
    arg [-lSystem] ==> lib [System]
    arg [/Applications/Xcode.app/Contents/Developer/Toolchains/XcodeDefault.xctoolchain/usr/bin/../lib/clang/8.0.0/lib/darwin/libclang_rt.osx.a] ==> lib [/Applications/Xcode.app/Contents/Developer/Toolchains/XcodeDefault.xctoolchain/usr/bin/../lib/clang/8.0.0/lib/darwin/libclang_rt.osx.a]
  Library search paths: [;/opt/moose/openmp/lib;/opt/moose/tbb/lib;/usr/lib;/usr/local/lib]
  Framework search paths: [;/Library/Frameworks/;/System/Library/Frameworks/]
  remove lib [System]
  collapse lib [/Applications/Xcode.app/Contents/Developer/Toolchains/XcodeDefault.xctoolchain/usr/bin/../lib/clang/8.0.0/lib/darwin/libclang_rt.osx.a] ==> [/Applications/Xcode.app/Contents/Developer/Toolchains/XcodeDefault.xctoolchain/usr/lib/clang/8.0.0/lib/darwin/libclang_rt.osx.a]
  collapse library dir [/opt/moose/openmp/lib] ==> [/opt/moose/openmp/lib]
  collapse library dir [/opt/moose/tbb/lib] ==> [/opt/moose/tbb/lib]
  collapse library dir [/opt/moose/openmp/lib] ==> [/opt/moose/openmp/lib]
  collapse library dir [/opt/moose/tbb/lib] ==> [/opt/moose/tbb/lib]
  collapse library dir [/usr/lib] ==> [/usr/lib]
  collapse library dir [/usr/local/lib] ==> [/usr/local/lib]
  collapse framework dir [/Library/Frameworks/] ==> [/Library/Frameworks]
  collapse framework dir [/System/Library/Frameworks/] ==> [/System/Library/Frameworks]
  implicit libs: [c++;/Applications/Xcode.app/Contents/Developer/Toolchains/XcodeDefault.xctoolchain/usr/lib/clang/8.0.0/lib/darwin/libclang_rt.osx.a]
  implicit dirs: [/opt/moose/openmp/lib;/opt/moose/tbb/lib;/usr/lib;/usr/local/lib]
  implicit fwks: [/Library/Frameworks;/System/Library/Frameworks]




Detecting CXX [-std=c++14] compiler features compiled with the following output:
Change Dir: /Users/reuben/Documents/code/eem/embeddedfem/build/CMakeFiles/CMakeTmp

Run Build Command:"/usr/bin/make" "cmTC_928ae/fast"
/Applications/Xcode.app/Contents/Developer/usr/bin/make -f CMakeFiles/cmTC_928ae.dir/build.make CMakeFiles/cmTC_928ae.dir/build
Building CXX object CMakeFiles/cmTC_928ae.dir/feature_tests.cxx.o
/Applications/Xcode.app/Contents/Developer/usr/bin/g++     -std=c++14 -o CMakeFiles/cmTC_928ae.dir/feature_tests.cxx.o -c /Users/reuben/Documents/code/eem/embeddedfem/build/CMakeFiles/feature_tests.cxx
Linking CXX executable cmTC_928ae
/opt/local/bin/cmake -E cmake_link_script CMakeFiles/cmTC_928ae.dir/link.txt --verbose=1
/Applications/Xcode.app/Contents/Developer/usr/bin/g++     -Wl,-search_paths_first -Wl,-headerpad_max_install_names   CMakeFiles/cmTC_928ae.dir/feature_tests.cxx.o  -o cmTC_928ae  


    Feature record: CXX_FEATURE:1cxx_aggregate_default_initializers
    Feature record: CXX_FEATURE:1cxx_alias_templates
    Feature record: CXX_FEATURE:1cxx_alignas
    Feature record: CXX_FEATURE:1cxx_alignof
    Feature record: CXX_FEATURE:1cxx_attributes
    Feature record: CXX_FEATURE:1cxx_attribute_deprecated
    Feature record: CXX_FEATURE:1cxx_auto_type
    Feature record: CXX_FEATURE:1cxx_binary_literals
    Feature record: CXX_FEATURE:1cxx_constexpr
    Feature record: CXX_FEATURE:1cxx_contextual_conversions
    Feature record: CXX_FEATURE:1cxx_decltype
    Feature record: CXX_FEATURE:1cxx_decltype_auto
    Feature record: CXX_FEATURE:1cxx_decltype_incomplete_return_types
    Feature record: CXX_FEATURE:1cxx_default_function_template_args
    Feature record: CXX_FEATURE:1cxx_defaulted_functions
    Feature record: CXX_FEATURE:1cxx_defaulted_move_initializers
    Feature record: CXX_FEATURE:1cxx_delegating_constructors
    Feature record: CXX_FEATURE:1cxx_deleted_functions
    Feature record: CXX_FEATURE:1cxx_digit_separators
    Feature record: CXX_FEATURE:1cxx_enum_forward_declarations
    Feature record: CXX_FEATURE:1cxx_explicit_conversions
    Feature record: CXX_FEATURE:1cxx_extended_friend_declarations
    Feature record: CXX_FEATURE:1cxx_extern_templates
    Feature record: CXX_FEATURE:1cxx_final
    Feature record: CXX_FEATURE:1cxx_func_identifier
    Feature record: CXX_FEATURE:1cxx_generalized_initializers
    Feature record: CXX_FEATURE:1cxx_generic_lambdas
    Feature record: CXX_FEATURE:1cxx_inheriting_constructors
    Feature record: CXX_FEATURE:1cxx_inline_namespaces
    Feature record: CXX_FEATURE:1cxx_lambdas
    Feature record: CXX_FEATURE:1cxx_lambda_init_captures
    Feature record: CXX_FEATURE:1cxx_local_type_template_args
    Feature record: CXX_FEATURE:1cxx_long_long_type
    Feature record: CXX_FEATURE:1cxx_noexcept
    Feature record: CXX_FEATURE:1cxx_nonstatic_member_init
    Feature record: CXX_FEATURE:1cxx_nullptr
    Feature record: CXX_FEATURE:1cxx_override
    Feature record: CXX_FEATURE:1cxx_range_for
    Feature record: CXX_FEATURE:1cxx_raw_string_literals
    Feature record: CXX_FEATURE:1cxx_reference_qualified_functions
    Feature record: CXX_FEATURE:1cxx_relaxed_constexpr
    Feature record: CXX_FEATURE:1cxx_return_type_deduction
    Feature record: CXX_FEATURE:1cxx_right_angle_brackets
    Feature record: CXX_FEATURE:1cxx_rvalue_references
    Feature record: CXX_FEATURE:1cxx_sizeof_member
    Feature record: CXX_FEATURE:1cxx_static_assert
    Feature record: CXX_FEATURE:1cxx_strong_enums
    Feature record: CXX_FEATURE:1cxx_template_template_parameters
    Feature record: CXX_FEATURE:1cxx_thread_local
    Feature record: CXX_FEATURE:1cxx_trailing_return_types
    Feature record: CXX_FEATURE:1cxx_unicode_literals
    Feature record: CXX_FEATURE:1cxx_uniform_initialization
    Feature record: CXX_FEATURE:1cxx_unrestricted_unions
    Feature record: CXX_FEATURE:1cxx_user_literals
    Feature record: CXX_FEATURE:1cxx_variable_templates
    Feature record: CXX_FEATURE:1cxx_variadic_macros
    Feature record: CXX_FEATURE:1cxx_variadic_templates


Detecting CXX [-std=c++11] compiler features compiled with the following output:
Change Dir: /Users/reuben/Documents/code/eem/embeddedfem/build/CMakeFiles/CMakeTmp

Run Build Command:"/usr/bin/make" "cmTC_cc083/fast"
/Applications/Xcode.app/Contents/Developer/usr/bin/make -f CMakeFiles/cmTC_cc083.dir/build.make CMakeFiles/cmTC_cc083.dir/build
Building CXX object CMakeFiles/cmTC_cc083.dir/feature_tests.cxx.o
/Applications/Xcode.app/Contents/Developer/usr/bin/g++     -std=c++11 -o CMakeFiles/cmTC_cc083.dir/feature_tests.cxx.o -c /Users/reuben/Documents/code/eem/embeddedfem/build/CMakeFiles/feature_tests.cxx
Linking CXX executable cmTC_cc083
/opt/local/bin/cmake -E cmake_link_script CMakeFiles/cmTC_cc083.dir/link.txt --verbose=1
/Applications/Xcode.app/Contents/Developer/usr/bin/g++     -Wl,-search_paths_first -Wl,-headerpad_max_install_names   CMakeFiles/cmTC_cc083.dir/feature_tests.cxx.o  -o cmTC_cc083  


    Feature record: CXX_FEATURE:0cxx_aggregate_default_initializers
    Feature record: CXX_FEATURE:1cxx_alias_templates
    Feature record: CXX_FEATURE:1cxx_alignas
    Feature record: CXX_FEATURE:1cxx_alignof
    Feature record: CXX_FEATURE:1cxx_attributes
    Feature record: CXX_FEATURE:0cxx_attribute_deprecated
    Feature record: CXX_FEATURE:1cxx_auto_type
    Feature record: CXX_FEATURE:0cxx_binary_literals
    Feature record: CXX_FEATURE:1cxx_constexpr
    Feature record: CXX_FEATURE:0cxx_contextual_conversions
    Feature record: CXX_FEATURE:1cxx_decltype
    Feature record: CXX_FEATURE:0cxx_decltype_auto
    Feature record: CXX_FEATURE:1cxx_decltype_incomplete_return_types
    Feature record: CXX_FEATURE:1cxx_default_function_template_args
    Feature record: CXX_FEATURE:1cxx_defaulted_functions
    Feature record: CXX_FEATURE:1cxx_defaulted_move_initializers
    Feature record: CXX_FEATURE:1cxx_delegating_constructors
    Feature record: CXX_FEATURE:1cxx_deleted_functions
    Feature record: CXX_FEATURE:0cxx_digit_separators
    Feature record: CXX_FEATURE:1cxx_enum_forward_declarations
    Feature record: CXX_FEATURE:1cxx_explicit_conversions
    Feature record: CXX_FEATURE:1cxx_extended_friend_declarations
    Feature record: CXX_FEATURE:1cxx_extern_templates
    Feature record: CXX_FEATURE:1cxx_final
    Feature record: CXX_FEATURE:1cxx_func_identifier
    Feature record: CXX_FEATURE:1cxx_generalized_initializers
    Feature record: CXX_FEATURE:0cxx_generic_lambdas
    Feature record: CXX_FEATURE:1cxx_inheriting_constructors
    Feature record: CXX_FEATURE:1cxx_inline_namespaces
    Feature record: CXX_FEATURE:1cxx_lambdas
    Feature record: CXX_FEATURE:0cxx_lambda_init_captures
    Feature record: CXX_FEATURE:1cxx_local_type_template_args
    Feature record: CXX_FEATURE:1cxx_long_long_type
    Feature record: CXX_FEATURE:1cxx_noexcept
    Feature record: CXX_FEATURE:1cxx_nonstatic_member_init
    Feature record: CXX_FEATURE:1cxx_nullptr
    Feature record: CXX_FEATURE:1cxx_override
    Feature record: CXX_FEATURE:1cxx_range_for
    Feature record: CXX_FEATURE:1cxx_raw_string_literals
    Feature record: CXX_FEATURE:1cxx_reference_qualified_functions
    Feature record: CXX_FEATURE:0cxx_relaxed_constexpr
    Feature record: CXX_FEATURE:0cxx_return_type_deduction
    Feature record: CXX_FEATURE:1cxx_right_angle_brackets
    Feature record: CXX_FEATURE:1cxx_rvalue_references
    Feature record: CXX_FEATURE:1cxx_sizeof_member
    Feature record: CXX_FEATURE:1cxx_static_assert
    Feature record: CXX_FEATURE:1cxx_strong_enums
    Feature record: CXX_FEATURE:1cxx_template_template_parameters
    Feature record: CXX_FEATURE:1cxx_thread_local
    Feature record: CXX_FEATURE:1cxx_trailing_return_types
    Feature record: CXX_FEATURE:1cxx_unicode_literals
    Feature record: CXX_FEATURE:1cxx_uniform_initialization
    Feature record: CXX_FEATURE:1cxx_unrestricted_unions
    Feature record: CXX_FEATURE:1cxx_user_literals
    Feature record: CXX_FEATURE:0cxx_variable_templates
    Feature record: CXX_FEATURE:1cxx_variadic_macros
    Feature record: CXX_FEATURE:1cxx_variadic_templates


Detecting CXX [-std=c++98] compiler features compiled with the following output:
Change Dir: /Users/reuben/Documents/code/eem/embeddedfem/build/CMakeFiles/CMakeTmp

Run Build Command:"/usr/bin/make" "cmTC_285d3/fast"
/Applications/Xcode.app/Contents/Developer/usr/bin/make -f CMakeFiles/cmTC_285d3.dir/build.make CMakeFiles/cmTC_285d3.dir/build
Building CXX object CMakeFiles/cmTC_285d3.dir/feature_tests.cxx.o
/Applications/Xcode.app/Contents/Developer/usr/bin/g++     -std=c++98 -o CMakeFiles/cmTC_285d3.dir/feature_tests.cxx.o -c /Users/reuben/Documents/code/eem/embeddedfem/build/CMakeFiles/feature_tests.cxx
Linking CXX executable cmTC_285d3
/opt/local/bin/cmake -E cmake_link_script CMakeFiles/cmTC_285d3.dir/link.txt --verbose=1
/Applications/Xcode.app/Contents/Developer/usr/bin/g++     -Wl,-search_paths_first -Wl,-headerpad_max_install_names   CMakeFiles/cmTC_285d3.dir/feature_tests.cxx.o  -o cmTC_285d3  


    Feature record: CXX_FEATURE:0cxx_aggregate_default_initializers
    Feature record: CXX_FEATURE:0cxx_alias_templates
    Feature record: CXX_FEATURE:0cxx_alignas
    Feature record: CXX_FEATURE:0cxx_alignof
    Feature record: CXX_FEATURE:0cxx_attributes
    Feature record: CXX_FEATURE:0cxx_attribute_deprecated
    Feature record: CXX_FEATURE:0cxx_auto_type
    Feature record: CXX_FEATURE:0cxx_binary_literals
    Feature record: CXX_FEATURE:0cxx_constexpr
    Feature record: CXX_FEATURE:0cxx_contextual_conversions
    Feature record: CXX_FEATURE:0cxx_decltype
    Feature record: CXX_FEATURE:0cxx_decltype_auto
    Feature record: CXX_FEATURE:0cxx_decltype_incomplete_return_types
    Feature record: CXX_FEATURE:0cxx_default_function_template_args
    Feature record: CXX_FEATURE:0cxx_defaulted_functions
    Feature record: CXX_FEATURE:0cxx_defaulted_move_initializers
    Feature record: CXX_FEATURE:0cxx_delegating_constructors
    Feature record: CXX_FEATURE:0cxx_deleted_functions
    Feature record: CXX_FEATURE:0cxx_digit_separators
    Feature record: CXX_FEATURE:0cxx_enum_forward_declarations
    Feature record: CXX_FEATURE:0cxx_explicit_conversions
    Feature record: CXX_FEATURE:0cxx_extended_friend_declarations
    Feature record: CXX_FEATURE:0cxx_extern_templates
    Feature record: CXX_FEATURE:0cxx_final
    Feature record: CXX_FEATURE:0cxx_func_identifier
    Feature record: CXX_FEATURE:0cxx_generalized_initializers
    Feature record: CXX_FEATURE:0cxx_generic_lambdas
    Feature record: CXX_FEATURE:0cxx_inheriting_constructors
    Feature record: CXX_FEATURE:0cxx_inline_namespaces
    Feature record: CXX_FEATURE:0cxx_lambdas
    Feature record: CXX_FEATURE:0cxx_lambda_init_captures
    Feature record: CXX_FEATURE:0cxx_local_type_template_args
    Feature record: CXX_FEATURE:0cxx_long_long_type
    Feature record: CXX_FEATURE:0cxx_noexcept
    Feature record: CXX_FEATURE:0cxx_nonstatic_member_init
    Feature record: CXX_FEATURE:0cxx_nullptr
    Feature record: CXX_FEATURE:0cxx_override
    Feature record: CXX_FEATURE:0cxx_range_for
    Feature record: CXX_FEATURE:0cxx_raw_string_literals
    Feature record: CXX_FEATURE:0cxx_reference_qualified_functions
    Feature record: CXX_FEATURE:0cxx_relaxed_constexpr
    Feature record: CXX_FEATURE:0cxx_return_type_deduction
    Feature record: CXX_FEATURE:0cxx_right_angle_brackets
    Feature record: CXX_FEATURE:0cxx_rvalue_references
    Feature record: CXX_FEATURE:0cxx_sizeof_member
    Feature record: CXX_FEATURE:0cxx_static_assert
    Feature record: CXX_FEATURE:0cxx_strong_enums
    Feature record: CXX_FEATURE:1cxx_template_template_parameters
    Feature record: CXX_FEATURE:0cxx_thread_local
    Feature record: CXX_FEATURE:0cxx_trailing_return_types
    Feature record: CXX_FEATURE:0cxx_unicode_literals
    Feature record: CXX_FEATURE:0cxx_uniform_initialization
    Feature record: CXX_FEATURE:0cxx_unrestricted_unions
    Feature record: CXX_FEATURE:0cxx_user_literals
    Feature record: CXX_FEATURE:0cxx_variable_templates
    Feature record: CXX_FEATURE:0cxx_variadic_macros
    Feature record: CXX_FEATURE:0cxx_variadic_templates
